<?xml version="1.0" encoding="UTF-8"?>
<!-- Generated by org.testng.reporters.JUnitXMLReporter -->
<testsuite ignored="0" hostname="1FJD5W3" failures="1" tests="1" name="Command line test" time="35.365" errors="0" timestamp="2026-02-28T14:20:03 IST">
  <testcase classname="io.cucumber.testng.AbstractTestNGCucumberTests" name="runScenario" time="33.862">
    <failure type="java.lang.RuntimeException" message="❌ FATAL: Visit Number is null! API flow must run before UI flow to provide a valid Visit ID.">
      <![CDATA[java.lang.RuntimeException: ❌ FATAL: Visit Number is null! API flow must run before UI flow to provide a valid Visit ID.
at stepDefinition.CodItDose.i_enter_the_visit_number(CodItDose.java:224)
at ✽.I enter the visit number(classpath:Feature/01_COD_Flow.feature:16)
]]>
    </failure>
  </testcase> <!-- runScenario -->
</testsuite> <!-- Command line test -->
