<?xml version="1.0" encoding="UTF-8"?>
<testng-results ignored="0" total="1" passed="1" failed="0" skipped="0">
  <reporter-output>
  </reporter-output>
  <suite started-at="2026-02-28T14:42:49 IST" name="Command line suite" finished-at="2026-02-28T14:48:25 IST" duration-ms="336218">
    <groups>
      <group name="cucumber">
        <method signature="AbstractTestNGCucumberTests.runScenario(io.cucumber.testng.PickleWrapper,io.cucumber.testng.FeatureWrapper)[pri:0, instance:testRunner.RunnerTest@21ce3b22]" name="runScenario" class="io.cucumber.testng.AbstractTestNGCucumberTests"/>
      </group> <!-- cucumber -->
    </groups>
    <test started-at="2026-02-28T14:42:49 IST" name="Command line test" finished-at="2026-02-28T14:48:25 IST" duration-ms="336218">
      <class name="testRunner.RunnerTest">
        <test-method is-config="true" signature="setUpClass(org.testng.ITestContext)[pri:0, instance:testRunner.RunnerTest@21ce3b22]" started-at="2026-02-28T14:42:49 IST" name="setUpClass" finished-at="2026-02-28T14:42:50 IST" duration-ms="439" status="PASS">
          <params>
            <param index="0">
              <value>
                <![CDATA[org.testng.TestRunner@58e9375b]]>
              </value>
            </param>
          </params>
          <reporter-output>
          </reporter-output>
        </test-method> <!-- setUpClass -->
        <test-method signature="runScenario(io.cucumber.testng.PickleWrapper,io.cucumber.testng.FeatureWrapper)[pri:0, instance:testRunner.RunnerTest@21ce3b22]" started-at="2026-02-28T14:42:50 IST" name="runScenario" description="Runs Cucumber Scenarios" data-provider="scenarios" finished-at="2026-02-28T14:48:25 IST" duration-ms="335207" status="PASS">
          <params>
            <param index="0">
              <value>
                <![CDATA["Process COD order sample through full lab workflow"]]>
              </value>
            </param>
            <param index="1">
              <value>
                <![CDATA["COD Flow Sample Lifecycle"]]>
              </value>
            </param>
          </params>
          <reporter-output>
          </reporter-output>
        </test-method> <!-- runScenario -->
        <test-method is-config="true" signature="tearDownClass()[pri:0, instance:testRunner.RunnerTest@21ce3b22]" started-at="2026-02-28T14:48:25 IST" name="tearDownClass" finished-at="2026-02-28T14:48:25 IST" duration-ms="564" status="PASS">
          <reporter-output>
          </reporter-output>
        </test-method> <!-- tearDownClass -->
      </class> <!-- testRunner.RunnerTest -->
    </test> <!-- Command line test -->
  </suite> <!-- Command line suite -->
</testng-results>
