<?xml version="1.0" encoding="UTF-8"?>
<testng-results ignored="0" total="1" passed="1" failed="0" skipped="0">
  <reporter-output>
  </reporter-output>
  <suite started-at="2026-03-05T18:13:29 IST" name="Command line suite" finished-at="2026-03-05T18:16:10 IST" duration-ms="160584">
    <groups>
      <group name="cucumber">
        <method signature="AbstractTestNGCucumberTests.runScenario(io.cucumber.testng.PickleWrapper,io.cucumber.testng.FeatureWrapper)[pri:0, instance:testRunner.RunnerTest@3f71ae7f]" name="runScenario" class="io.cucumber.testng.AbstractTestNGCucumberTests"/>
      </group> <!-- cucumber -->
    </groups>
    <test started-at="2026-03-05T18:13:29 IST" name="Command line test" finished-at="2026-03-05T18:16:10 IST" duration-ms="160584">
      <class name="testRunner.RunnerTest">
        <test-method is-config="true" signature="setUpClass(org.testng.ITestContext)[pri:0, instance:testRunner.RunnerTest@3f71ae7f]" started-at="2026-03-05T18:13:29 IST" name="setUpClass" finished-at="2026-03-05T18:13:30 IST" duration-ms="663" status="PASS">
          <params>
            <param index="0">
              <value>
                <![CDATA[org.testng.TestRunner@5a69f1ef]]>
              </value>
            </param>
          </params>
          <reporter-output>
          </reporter-output>
        </test-method> <!-- setUpClass -->
        <test-method signature="runScenario(io.cucumber.testng.PickleWrapper,io.cucumber.testng.FeatureWrapper)[pri:0, instance:testRunner.RunnerTest@3f71ae7f]" started-at="2026-03-05T18:13:30 IST" name="runScenario" description="Runs Cucumber Scenarios" data-provider="scenarios" finished-at="2026-03-05T18:16:09 IST" duration-ms="159358" status="PASS">
          <params>
            <param index="0">
              <value>
                <![CDATA["Process COD order sample through full lab workflow"]]>
              </value>
            </param>
            <param index="1">
              <value>
                <![CDATA["COD Flow Sample Lifecycle"]]>
              </value>
            </param>
          </params>
          <reporter-output>
          </reporter-output>
        </test-method> <!-- runScenario -->
        <test-method is-config="true" signature="tearDownClass()[pri:0, instance:testRunner.RunnerTest@3f71ae7f]" started-at="2026-03-05T18:16:09 IST" name="tearDownClass" finished-at="2026-03-05T18:16:10 IST" duration-ms="553" status="PASS">
          <reporter-output>
          </reporter-output>
        </test-method> <!-- tearDownClass -->
      </class> <!-- testRunner.RunnerTest -->
    </test> <!-- Command line test -->
  </suite> <!-- Command line suite -->
</testng-results>
