<?xml version="1.0" encoding="UTF-8"?>
<!-- Generated by org.testng.reporters.JUnitReportReporter -->
<testsuite hostname="1FJD5W3" failures="0" tests="1" name="testRunner.RunnerTest" time="8.404" errors="1" timestamp="2026-02-28T13:05:28 IST" skipped="0">
  <testcase classname="testRunner.RunnerTest" name="runScenario" time="8.404">
    <error message="Unresolved compilation problems: 
	Unhandled exception type Throwable
	Unhandled exception type Throwable
" type="java.lang.Error">
      <![CDATA[java.lang.Error: Unresolved compilation problems: 
Unhandled exception type Throwable
Unhandled exception type Throwable

at stepDefinition.CodItDose.i_enter_valid_credentials(CodItDose.java:34)
at ✽.I enter valid credentials(classpath:Feature/01_COD_Flow.feature:6)
]]>
    </error>
  </testcase> <!-- runScenario -->
</testsuite> <!-- testRunner.RunnerTest -->
