<?xml version="1.0" encoding="UTF-8"?>
<!-- Generated by org.testng.reporters.JUnitReportReporter -->
<testsuite hostname="1FJD5W3" failures="0" tests="1" name="testRunner.RunnerTest" time="33.862" errors="1" timestamp="2026-02-28T14:20:03 IST" skipped="0">
  <testcase classname="testRunner.RunnerTest" name="runScenario" time="33.862">
    <error message="❌ FATAL: Visit Number is null! API flow must run before UI flow to provide a valid Visit ID." type="java.lang.RuntimeException">
      <![CDATA[java.lang.RuntimeException: ❌ FATAL: Visit Number is null! API flow must run before UI flow to provide a valid Visit ID.
at stepDefinition.CodItDose.i_enter_the_visit_number(CodItDose.java:224)
at ✽.I enter the visit number(classpath:Feature/01_COD_Flow.feature:16)
]]>
    </error>
  </testcase> <!-- runScenario -->
</testsuite> <!-- testRunner.RunnerTest -->
